This is pdfTeX, Version 3.14159265-2.6-1.40.15 (TeX Live 2014) (preloaded format=pdflatex 2014.10.12)  7 APR 2015 15:43
entering extended mode
 restricted \write18 enabled.
 %&-line parsing enabled.
**ClassicalMechanics.tex -recorder
(./ClassicalMechanics.tex
LaTeX2e <2014/05/01>
Babel <3.9l> and hyphenation patterns for 79 languages loaded.
(/usr/local/texlive/2014/texmf-dist/tex/latex/base/article.cls
Document Class: article 2007/10/19 v1.4h Standard LaTeX document class
(/usr/local/texlive/2014/texmf-dist/tex/latex/base/size10.clo
File: size10.clo 2007/10/19 v1.4h Standard LaTeX file (size option)
)
\c@part=\count79
\c@section=\count80
\c@subsection=\count81
\c@subsubsection=\count82
\c@paragraph=\count83
\c@subparagraph=\count84
\c@figure=\count85
\c@table=\count86
\abovecaptionskip=\skip41
\belowcaptionskip=\skip42
\bibindent=\dimen102
)
(/usr/local/texlive/2014/texmf-dist/tex/latex/amscls/amsthm.sty
Package: amsthm 2009/07/02 v2.20.1
\thm@style=\toks14
\thm@bodyfont=\toks15
\thm@headfont=\toks16
\thm@notefont=\toks17
\thm@headpunct=\toks18
\thm@preskip=\skip43
\thm@postskip=\skip44
\thm@headsep=\skip45
\dth@everypar=\toks19
)
\c@exercise=\count87
\c@theorem=\count88

(./ClassicalMechanics.aux)
\openout1 = `ClassicalMechanics.aux'.

LaTeX Font Info:    Checking defaults for OML/cmm/m/it on input line 10.
LaTeX Font Info:    ... okay on input line 10.
LaTeX Font Info:    Checking defaults for T1/cmr/m/n on input line 10.
LaTeX Font Info:    ... okay on input line 10.
LaTeX Font Info:    Checking defaults for OT1/cmr/m/n on input line 10.
LaTeX Font Info:    ... okay on input line 10.
LaTeX Font Info:    Checking defaults for OMS/cmsy/m/n on input line 10.
LaTeX Font Info:    ... okay on input line 10.
LaTeX Font Info:    Checking defaults for OMX/cmex/m/n on input line 10.
LaTeX Font Info:    ... okay on input line 10.
LaTeX Font Info:    Checking defaults for U/cmr/m/n on input line 10.
LaTeX Font Info:    ... okay on input line 10.
LaTeX Font Info:    External font `cmex10' loaded for size
(Font)              <7> on input line 14.
LaTeX Font Info:    External font `cmex10' loaded for size
(Font)              <5> on input line 14.
LaTeX Font Info:    External font `cmex10' loaded for size
(Font)              <8> on input line 14.
LaTeX Font Info:    External font `cmex10' loaded for size
(Font)              <6> on input line 14.

Overfull \hbox (0.16801pt too wide) in paragraph at lines 32--34
\OT1/cmr/m/n/10 four di-men-sional affine space, where $\OML/cmm/m/it/10 t\OT1/
cmr/m/n/10 ((\OML/cmm/m/it/10 a; v\OT1/cmr/m/n/10 ) \OMS/cmsy/m/n/10 ^^@ \OT1/c
mr/m/n/10 (\OML/cmm/m/it/10 b; w\OT1/cmr/m/n/10 )) = \OML/cmm/m/it/10 a \OMS/cm
sy/m/n/10 ^^@ \OML/cmm/m/it/10 b$\OT1/cmr/m/n/10 , and $\OMS/cmsy/m/n/10 h\OT1/
cmr/m/n/10 (\OML/cmm/m/it/10 a; v\OT1/cmr/m/n/10 )\OML/cmm/m/it/10 ; \OT1/cmr/m
/n/10 (\OML/cmm/m/it/10 b; w\OT1/cmr/m/n/10 )\OMS/cmsy/m/n/10 i \OT1/cmr/m/n/10
 =
 []

[1

{/usr/local/texlive/2014/texmf-var/fonts/map/pdftex/updmap/pdftex.map}]
[2]
Overfull \hbox (10.62126pt too wide) in paragraph at lines 92--92
[]\OT1/cmr/bx/n/14.4 The mo-tion of a sin-gle par-ti-cle in one-dimension 
 []

[3] [4] [5] (./ClassicalMechanics.aux) ) 
Here is how much of TeX's memory you used:
 346 strings out of 493107
 3862 string characters out of 6134839
 58965 words of memory out of 5000000
 3878 multiletter control sequences out of 15000+600000
 7962 words of font info for 28 fonts, out of 8000000 for 9000
 1141 hyphenation exceptions out of 8191
 23i,8n,18p,1429b,171s stack positions out of 5000i,500n,10000p,200000b,80000s
</usr/local/texlive/2014/texmf-dist/fon
ts/type1/public/amsfonts/cm/cmbx10.pfb></usr/local/texlive/2014/texmf-dist/font
s/type1/public/amsfonts/cm/cmbx12.pfb></usr/local/texlive/2014/texmf-dist/fonts
/type1/public/amsfonts/cm/cmbx8.pfb></usr/local/texlive/2014/texmf-dist/fonts/t
ype1/public/amsfonts/cm/cmex10.pfb></usr/local/texlive/2014/texmf-dist/fonts/ty
pe1/public/amsfonts/cm/cmmi10.pfb></usr/local/texlive/2014/texmf-dist/fonts/typ
e1/public/amsfonts/cm/cmmi6.pfb></usr/local/texlive/2014/texmf-dist/fonts/type1
/public/amsfonts/cm/cmmi7.pfb></usr/local/texlive/2014/texmf-dist/fonts/type1/p
ublic/amsfonts/cm/cmmi8.pfb></usr/local/texlive/2014/texmf-dist/fonts/type1/pub
lic/amsfonts/cm/cmr10.pfb></usr/local/texlive/2014/texmf-dist/fonts/type1/publi
c/amsfonts/cm/cmr6.pfb></usr/local/texlive/2014/texmf-dist/fonts/type1/public/a
msfonts/cm/cmr7.pfb></usr/local/texlive/2014/texmf-dist/fonts/type1/public/amsf
onts/cm/cmr8.pfb></usr/local/texlive/2014/texmf-dist/fonts/type1/public/amsfont
s/cm/cmsy10.pfb></usr/local/texlive/2014/texmf-dist/fonts/type1/public/amsfonts
/cm/cmsy7.pfb></usr/local/texlive/2014/texmf-dist/fonts/type1/public/amsfonts/c
m/cmsy8.pfb></usr/local/texlive/2014/texmf-dist/fonts/type1/public/amsfonts/cm/
cmti10.pfb>
Output written on ClassicalMechanics.pdf (5 pages, 178515 bytes).
PDF statistics:
 84 PDF objects out of 1000 (max. 8388607)
 60 compressed objects within 1 object stream
 0 named destinations out of 1000 (max. 500000)
 1 words of extra memory for PDF output out of 10000 (max. 10000000)

